0 verbose cli C:\Program Files\nodejs\node.exe C:\Program Files\nodejs\node_modules\npm\bin\npm-cli.js
1 info using npm@10.8.1
2 info using node@v22.3.0
3 silly config load:file:C:\Program Files\nodejs\node_modules\npm\npmrc
4 silly config load:file:E:\Saad Rehman-GitHub\Cyberian-Electronics\.npmrc
5 silly config load:file:C:\Users\saadr\.npmrc
6 silly config load:file:C:\Users\saadr\AppData\Roaming\npm\etc\npmrc
7 verbose title npm install framer-motion @radix-ui/react-slot embla-carousel-react
8 verbose argv "install" "framer-motion" "@radix-ui/react-slot" "embla-carousel-react"
9 verbose logfile logs-max:10 dir:E:\Saad Rehman-GitHub\Cyberian-Electronics\%APPDATA%\npm-cache\_logs\2024-10-19T17_50_26_051Z-
10 verbose logfile E:\Saad Rehman-GitHub\Cyberian-Electronics\%APPDATA%\npm-cache\_logs\2024-10-19T17_50_26_051Z-debug-0.log
11 silly packumentCache heap:4345298944 maxSize:1086324736 maxEntrySize:543162368
12 silly logfile start cleaning logs, removing 1 files
13 silly logfile done cleaning log files
14 silly idealTree buildDeps
15 silly fetch manifest framer-motion@^11.11.9
16 silly packumentCache full:https://registry.npmjs.org/framer-motion cache-miss
17 http fetch GET 200 https://registry.npmjs.org/framer-motion 799ms (cache revalidated)
18 silly packumentCache full:https://registry.npmjs.org/framer-motion set size:8353374 disposed:false
19 silly fetch manifest @emotion/is-prop-valid@*
20 silly packumentCache full:https://registry.npmjs.org/@emotion%2fis-prop-valid cache-miss
21 http fetch GET 200 https://registry.npmjs.org/@emotion%2fis-prop-valid 363ms (cache revalidated)
22 silly packumentCache full:https://registry.npmjs.org/@emotion%2fis-prop-valid set size:94483 disposed:false
23 silly fetch manifest react@^18
24 silly packumentCache full:https://registry.npmjs.org/react cache-miss
25 http fetch GET 200 https://registry.npmjs.org/react 151ms (cache revalidated)
26 silly packumentCache full:https://registry.npmjs.org/react set size:5063154 disposed:false
27 silly fetch manifest react-dom@^18
28 silly packumentCache full:https://registry.npmjs.org/react-dom cache-miss
29 http fetch GET 200 https://registry.npmjs.org/react-dom 156ms (cache revalidated)
30 silly packumentCache full:https://registry.npmjs.org/react-dom set size:6156025 disposed:false
31 silly fetch manifest @radix-ui/react-slot@*
32 silly packumentCache full:https://registry.npmjs.org/@radix-ui%2freact-slot cache-miss
33 http fetch GET 200 https://registry.npmjs.org/@radix-ui%2freact-slot 238ms (cache miss)
34 silly packumentCache full:https://registry.npmjs.org/@radix-ui%2freact-slot set size:undefined disposed:false
35 silly fetch manifest @types/react@^18
36 silly packumentCache full:https://registry.npmjs.org/@types%2freact cache-miss
37 http fetch GET 200 https://registry.npmjs.org/@types%2freact 291ms (cache miss)
38 silly packumentCache full:https://registry.npmjs.org/@types%2freact set size:undefined disposed:false
39 silly fetch manifest embla-carousel-react@*
40 silly packumentCache full:https://registry.npmjs.org/embla-carousel-react cache-miss
41 http fetch GET 200 https://registry.npmjs.org/embla-carousel-react 153ms (cache miss)
42 silly packumentCache full:https://registry.npmjs.org/embla-carousel-react set size:undefined disposed:false
43 silly placeDep ROOT @radix-ui/react-slot@1.1.0 OK for: cyberian-electronics@0.1.0 want: *
44 silly placeDep ROOT embla-carousel-react@8.3.0 OK for: cyberian-electronics@0.1.0 want: *
45 silly placeDep ROOT framer-motion@11.11.9 REPLACE for: cyberian-electronics@0.1.0 want: ^11.11.9
46 silly fetch manifest @radix-ui/react-compose-refs@1.1.0
47 silly packumentCache full:https://registry.npmjs.org/@radix-ui%2freact-compose-refs cache-miss
48 silly fetch manifest embla-carousel@8.3.0
49 silly packumentCache full:https://registry.npmjs.org/embla-carousel cache-miss
50 silly fetch manifest embla-carousel-reactive-utils@8.3.0
51 silly packumentCache full:https://registry.npmjs.org/embla-carousel-reactive-utils cache-miss
52 http fetch GET 200 https://registry.npmjs.org/embla-carousel 600ms (cache miss)
53 silly packumentCache full:https://registry.npmjs.org/embla-carousel set size:undefined disposed:false
54 http fetch GET 200 https://registry.npmjs.org/embla-carousel-reactive-utils 1073ms (cache miss)
55 silly packumentCache full:https://registry.npmjs.org/embla-carousel-reactive-utils set size:undefined disposed:false
56 http fetch GET 200 https://registry.npmjs.org/@radix-ui%2freact-compose-refs 1614ms (cache miss)
57 silly packumentCache full:https://registry.npmjs.org/@radix-ui%2freact-compose-refs set size:undefined disposed:false
58 silly fetch manifest @types/react@*
59 silly packumentCache full:https://registry.npmjs.org/@types%2freact cache-miss
60 http fetch GET 200 https://registry.npmjs.org/@types%2freact 15ms (cache hit)
61 silly packumentCache full:https://registry.npmjs.org/@types%2freact set size:2219669 disposed:false
62 silly fetch manifest react@^16.8 || ^17.0 || ^18.0 || ^19.0 || ^19.0.0-rc
63 silly packumentCache full:https://registry.npmjs.org/react cache-miss
64 http fetch GET 200 https://registry.npmjs.org/react 21ms (cache hit)
65 silly packumentCache full:https://registry.npmjs.org/react set size:5063154 disposed:false
66 silly placeDep ROOT @radix-ui/react-compose-refs@1.1.0 OK for: @radix-ui/react-slot@1.1.0 want: 1.1.0
67 silly placeDep ROOT embla-carousel@8.3.0 OK for: embla-carousel-react@8.3.0 want: 8.3.0
68 silly placeDep ROOT embla-carousel-reactive-utils@8.3.0 OK for: embla-carousel-react@8.3.0 want: 8.3.0
69 silly reify moves {}
70 silly audit bulk request {
70 silly audit   '@alloc/quick-lru': [ '5.2.0' ],
70 silly audit   '@eslint-community/eslint-utils': [ '4.4.0' ],
70 silly audit   '@eslint-community/regexpp': [ '4.11.1' ],
70 silly audit   '@eslint/eslintrc': [ '2.1.4' ],
70 silly audit   '@eslint/js': [ '8.57.1' ],
70 silly audit   '@floating-ui/core': [ '1.6.8' ],
70 silly audit   '@floating-ui/dom': [ '1.6.11' ],
70 silly audit   '@floating-ui/react': [ '0.26.25' ],
70 silly audit   '@floating-ui/react-dom': [ '2.1.2' ],
70 silly audit   '@floating-ui/utils': [ '0.2.8' ],
70 silly audit   '@headlessui/react': [ '2.1.10' ],
70 silly audit   '@heroicons/react': [ '2.1.5' ],
70 silly audit   '@humanwhocodes/config-array': [ '0.13.0' ],
70 silly audit   '@humanwhocodes/module-importer': [ '1.0.1' ],
70 silly audit   '@humanwhocodes/object-schema': [ '2.0.3' ],
70 silly audit   '@isaacs/cliui': [ '8.0.2' ],
70 silly audit   'ansi-regex': [ '6.1.0', '5.0.1' ],
70 silly audit   'strip-ansi': [ '7.1.0', '6.0.1' ],
70 silly audit   '@jridgewell/gen-mapping': [ '0.3.5' ],
70 silly audit   '@jridgewell/resolve-uri': [ '3.1.2' ],
70 silly audit   '@jridgewell/set-array': [ '1.2.1' ],
70 silly audit   '@jridgewell/sourcemap-codec': [ '1.5.0' ],
70 silly audit   '@jridgewell/trace-mapping': [ '0.3.25' ],
70 silly audit   '@next/env': [ '14.2.15' ],
70 silly audit   '@next/eslint-plugin-next': [ '14.2.15' ],
70 silly audit   '@next/swc-darwin-arm64': [ '14.2.15' ],
70 silly audit   '@next/swc-darwin-x64': [ '14.2.15' ],
70 silly audit   '@next/swc-linux-arm64-gnu': [ '14.2.15' ],
70 silly audit   '@next/swc-linux-arm64-musl': [ '14.2.15' ],
70 silly audit   '@next/swc-linux-x64-gnu': [ '14.2.15' ],
70 silly audit   '@next/swc-linux-x64-musl': [ '14.2.15' ],
70 silly audit   '@next/swc-win32-arm64-msvc': [ '14.2.15' ],
70 silly audit   '@next/swc-win32-ia32-msvc': [ '14.2.15' ],
70 silly audit   '@next/swc-win32-x64-msvc': [ '14.2.15' ],
70 silly audit   '@nodelib/fs.scandir': [ '2.1.5' ],
70 silly audit   '@nodelib/fs.stat': [ '2.0.5' ],
70 silly audit   '@nodelib/fs.walk': [ '1.2.8' ],
70 silly audit   '@nolyfill/is-core-module': [ '1.0.39' ],
70 silly audit   '@pkgjs/parseargs': [ '0.11.0' ],
70 silly audit   '@react-aria/focus': [ '3.18.4' ],
70 silly audit   '@react-aria/interactions': [ '3.22.4' ],
70 silly audit   '@react-aria/ssr': [ '3.9.6' ],
70 silly audit   '@react-aria/utils': [ '3.25.3' ],
70 silly audit   '@react-stately/utils': [ '3.10.4' ],
70 silly audit   '@react-types/shared': [ '3.25.0' ],
70 silly audit   '@rtsao/scc': [ '1.1.0' ],
70 silly audit   '@rushstack/eslint-patch': [ '1.10.4' ],
70 silly audit   '@swc/counter': [ '0.1.3' ],
70 silly audit   '@swc/helpers': [ '0.5.5' ],
70 silly audit   '@tanstack/react-virtual': [ '3.10.8' ],
70 silly audit   '@tanstack/virtual-core': [ '3.10.8' ],
70 silly audit   '@types/json5': [ '0.0.29' ],
70 silly audit   '@types/node': [ '20.16.13' ],
70 silly audit   '@types/prop-types': [ '15.7.13' ],
70 silly audit   '@types/react': [ '18.3.11' ],
70 silly audit   '@types/react-dom': [ '18.3.1' ],
70 silly audit   '@typescript-eslint/eslint-plugin': [ '8.10.0' ],
70 silly audit   '@typescript-eslint/parser': [ '8.10.0' ],
70 silly audit   '@typescript-eslint/scope-manager': [ '8.10.0' ],
70 silly audit   '@typescript-eslint/type-utils': [ '8.10.0' ],
70 silly audit   '@typescript-eslint/types': [ '8.10.0' ],
70 silly audit   '@typescript-eslint/typescript-estree': [ '8.10.0' ],
70 silly audit   'brace-expansion': [ '2.0.1', '1.1.11' ],
70 silly audit   minimatch: [ '9.0.5', '3.1.2' ],
70 silly audit   '@typescript-eslint/utils': [ '8.10.0' ],
70 silly audit   '@typescript-eslint/visitor-keys': [ '8.10.0' ],
70 silly audit   '@ungap/structured-clone': [ '1.2.0' ],
70 silly audit   acorn: [ '8.13.0' ],
70 silly audit   'acorn-jsx': [ '5.3.2' ],
70 silly audit   ajv: [ '6.12.6' ],
70 silly audit   'ansi-styles': [ '4.3.0', '6.2.1' ],
70 silly audit   'any-promise': [ '1.3.0' ],
70 silly audit   anymatch: [ '3.1.3' ],
70 silly audit   arg: [ '5.0.2' ],
70 silly audit   argparse: [ '2.0.1' ],
70 silly audit   'aria-query': [ '5.1.3' ],
70 silly audit   'array-buffer-byte-length': [ '1.0.1' ],
70 silly audit   'array-includes': [ '3.1.8' ],
70 silly audit   'array.prototype.findlast': [ '1.2.5' ],
70 silly audit   'array.prototype.findlastindex': [ '1.2.5' ],
70 silly audit   'array.prototype.flat': [ '1.3.2' ],
70 silly audit   'array.prototype.flatmap': [ '1.3.2' ],
70 silly audit   'array.prototype.tosorted': [ '1.1.4' ],
70 silly audit   'arraybuffer.prototype.slice': [ '1.0.3' ],
70 silly audit   'ast-types-flow': [ '0.0.8' ],
70 silly audit   'available-typed-arrays': [ '1.0.7' ],
70 silly audit   'axe-core': [ '4.10.1' ],
70 silly audit   'axobject-query': [ '4.1.0' ],
70 silly audit   'balanced-match': [ '1.0.2' ],
70 silly audit   'binary-extensions': [ '2.3.0' ],
70 silly audit   braces: [ '3.0.3' ],
70 silly audit   busboy: [ '1.6.0' ],
70 silly audit   'call-bind': [ '1.0.7' ],
70 silly audit   callsites: [ '3.1.0' ],
70 silly audit   'camelcase-css': [ '2.0.1' ],
70 silly audit   'caniuse-lite': [ '1.0.30001669' ],
70 silly audit   chalk: [ '4.1.2' ],
70 silly audit   chokidar: [ '3.6.0' ],
70 silly audit   'glob-parent': [ '5.1.2', '6.0.2' ],
70 silly audit   'class-variance-authority': [ '0.7.0' ],
70 silly audit   clsx: [ '2.0.0', '2.1.1' ],
70 silly audit   'client-only': [ '0.0.1' ],
70 silly audit   'color-convert': [ '2.0.1' ],
70 silly audit   'color-name': [ '1.1.4' ],
70 silly audit   commander: [ '4.1.1' ],
70 silly audit   'concat-map': [ '0.0.1' ],
70 silly audit   'cross-spawn': [ '7.0.3' ],
70 silly audit   cssesc: [ '3.0.0' ],
70 silly audit   csstype: [ '3.1.3' ],
70 silly audit   'damerau-levenshtein': [ '1.0.8' ],
70 silly audit   'data-view-buffer': [ '1.0.1' ],
70 silly audit   'data-view-byte-length': [ '1.0.1' ],
70 silly audit   'data-view-byte-offset': [ '1.0.0' ],
70 silly audit   debug: [ '4.3.7', '3.2.7' ],
70 silly audit   'deep-equal': [ '2.2.3' ],
70 silly audit   'deep-is': [ '0.1.4' ],
70 silly audit   'define-data-property': [ '1.1.4' ],
70 silly audit   'define-properties': [ '1.2.1' ],
70 silly audit   didyoumean: [ '1.2.2' ],
70 silly audit   dlv: [ '1.1.3' ],
70 silly audit   doctrine: [ '3.0.0', '2.1.0' ],
70 silly audit   eastasianwidth: [ '0.2.0' ],
70 silly audit   'emoji-regex': [ '9.2.2', '8.0.0' ],
70 silly audit   'enhanced-resolve': [ '5.17.1' ],
70 silly audit   'es-abstract': [ '1.23.3' ],
70 silly audit   'es-define-property': [ '1.0.0' ],
70 silly audit   'es-errors': [ '1.3.0' ],
70 silly audit   'es-get-iterator': [ '1.1.3' ],
70 silly audit   'es-iterator-helpers': [ '1.1.0' ],
70 silly audit   'es-object-atoms': [ '1.0.0' ],
70 silly audit   'es-set-tostringtag': [ '2.0.3' ],
70 silly audit   'es-shim-unscopables': [ '1.0.2' ],
70 silly audit   'es-to-primitive': [ '1.2.1' ],
70 silly audit   'escape-string-regexp': [ '4.0.0' ],
70 silly audit   eslint: [ '8.57.1' ],
70 silly audit   'eslint-config-next': [ '14.2.15' ],
70 silly audit   'eslint-import-resolver-node': [ '0.3.9' ],
70 silly audit   'eslint-import-resolver-typescript': [ '3.6.3' ],
70 silly audit   'eslint-module-utils': [ '2.12.0' ],
70 silly audit   'eslint-plugin-import': [ '2.31.0' ],
70 silly audit   semver: [ '6.3.1', '7.6.3' ],
70 silly audit   'eslint-plugin-jsx-a11y': [ '6.10.0' ],
70 silly audit   'eslint-plugin-react': [ '7.37.1' ],
70 silly audit   'eslint-plugin-react-hooks': [ '5.0.0-canary-7118f5dd7-20230705' ],
70 silly audit   resolve: [ '2.0.0-next.5', '1.22.8' ],
70 silly audit   'eslint-scope': [ '7.2.2' ],
70 silly audit   'eslint-visitor-keys': [ '3.4.3' ],
70 silly audit   espree: [ '9.6.1' ],
70 silly audit   esquery: [ '1.6.0' ],
70 silly audit   esrecurse: [ '4.3.0' ],
70 silly audit   estraverse: [ '5.3.0' ],
70 silly audit   esutils: [ '2.0.3' ],
70 silly audit   'fast-deep-equal': [ '3.1.3' ],
70 silly audit   'fast-glob': [ '3.3.2' ],
70 silly audit   'fast-json-stable-stringify': [ '2.1.0' ],
70 silly audit   'fast-levenshtein': [ '2.0.6' ],
70 silly audit   fastq: [ '1.17.1' ],
70 silly audit   'file-entry-cache': [ '6.0.1' ],
70 silly audit   'fill-range': [ '7.1.1' ],
70 silly audit   'find-up': [ '5.0.0' ],
70 silly audit   'flat-cache': [ '3.2.0' ],
70 silly audit   flatted: [ '3.3.1' ],
70 silly audit   'for-each': [ '0.3.3' ],
70 silly audit   'foreground-child': [ '3.3.0' ],
70 silly audit   'fs.realpath': [ '1.0.0' ],
70 silly audit   fsevents: [ '2.3.3' ],
70 silly audit   'function-bind': [ '1.1.2' ],
70 silly audit   'function.prototype.name': [ '1.1.6' ],
70 silly audit   'functions-have-names': [ '1.2.3' ],
70 silly audit   'get-intrinsic': [ '1.2.4' ],
70 silly audit   'get-symbol-description': [ '1.0.2' ],
70 silly audit   'get-tsconfig': [ '4.8.1' ],
70 silly audit   glob: [ '10.3.10', '7.2.3' ],
70 silly audit   globals: [ '13.24.0' ],
70 silly audit   globalthis: [ '1.0.4' ],
70 silly audit   gopd: [ '1.0.1' ],
70 silly audit   'graceful-fs': [ '4.2.11' ],
70 silly audit   graphemer: [ '1.4.0' ],
70 silly audit   'has-bigints': [ '1.0.2' ],
70 silly audit   'has-flag': [ '4.0.0' ],
70 silly audit   'has-property-descriptors': [ '1.0.2' ],
70 silly audit   'has-proto': [ '1.0.3' ],
70 silly audit   'has-symbols': [ '1.0.3' ],
70 silly audit   'has-tostringtag': [ '1.0.2' ],
70 silly audit   hasown: [ '2.0.2' ],
70 silly audit   ignore: [ '5.3.2' ],
70 silly audit   'import-fresh': [ '3.3.0' ],
70 silly audit   imurmurhash: [ '0.1.4' ],
70 silly audit   inflight: [ '1.0.6' ],
70 silly audit   inherits: [ '2.0.4' ],
70 silly audit   'internal-slot': [ '1.0.7' ],
70 silly audit   'is-arguments': [ '1.1.1' ],
70 silly audit   'is-array-buffer': [ '3.0.4' ],
70 silly audit   'is-async-function': [ '2.0.0' ],
70 silly audit   'is-bigint': [ '1.0.4' ],
70 silly audit   'is-binary-path': [ '2.1.0' ],
70 silly audit   'is-boolean-object': [ '1.1.2' ],
70 silly audit   'is-bun-module': [ '1.2.1' ],
70 silly audit   'is-callable': [ '1.2.7' ],
70 silly audit   'is-core-module': [ '2.15.1' ],
70 silly audit   'is-data-view': [ '1.0.1' ],
70 silly audit   'is-date-object': [ '1.0.5' ],
70 silly audit   'is-extglob': [ '2.1.1' ],
70 silly audit   'is-finalizationregistry': [ '1.0.2' ],
70 silly audit   'is-fullwidth-code-point': [ '3.0.0' ],
70 silly audit   'is-generator-function': [ '1.0.10' ],
70 silly audit   'is-glob': [ '4.0.3' ],
70 silly audit   'is-map': [ '2.0.3' ],
70 silly audit   'is-negative-zero': [ '2.0.3' ],
70 silly audit   'is-number': [ '7.0.0' ],
70 silly audit   'is-number-object': [ '1.0.7' ],
70 silly audit   'is-path-inside': [ '3.0.3' ],
70 silly audit   'is-regex': [ '1.1.4' ],
70 silly audit   'is-set': [ '2.0.3' ],
70 silly audit   'is-shared-array-buffer': [ '1.0.3' ],
70 silly audit   'is-string': [ '1.0.7' ],
70 silly audit   'is-symbol': [ '1.0.4' ],
70 silly audit   'is-typed-array': [ '1.1.13' ],
70 silly audit   'is-weakmap': [ '2.0.2' ],
70 silly audit   'is-weakref': [ '1.0.2' ],
70 silly audit   'is-weakset': [ '2.0.3' ],
70 silly audit   isarray: [ '2.0.5' ],
70 silly audit   isexe: [ '2.0.0' ],
70 silly audit   'iterator.prototype': [ '1.1.3' ],
70 silly audit   jackspeak: [ '2.3.6' ],
70 silly audit   jiti: [ '1.21.6' ],
70 silly audit   'js-tokens': [ '4.0.0' ],
70 silly audit   'js-yaml': [ '4.1.0' ],
70 silly audit   'json-buffer': [ '3.0.1' ],
70 silly audit   'json-schema-traverse': [ '0.4.1' ],
70 silly audit   'json-stable-stringify-without-jsonify': [ '1.0.1' ],
70 silly audit   json5: [ '1.0.2' ],
70 silly audit   'jsx-ast-utils': [ '3.3.5' ],
70 silly audit   keyv: [ '4.5.4' ],
70 silly audit   'language-subtag-registry': [ '0.3.23' ],
70 silly audit   'language-tags': [ '1.0.9' ],
70 silly audit   levn: [ '0.4.1' ],
70 silly audit   lilconfig: [ '2.1.0', '3.1.2' ],
70 silly audit   'lines-and-columns': [ '1.2.4' ],
70 silly audit   'locate-path': [ '6.0.0' ],
70 silly audit   'lodash.merge': [ '4.6.2' ],
70 silly audit   'loose-envify': [ '1.4.0' ],
70 silly audit   'lru-cache': [ '10.4.3' ],
70 silly audit   'lucide-react': [ '0.453.0' ],
70 silly audit   merge2: [ '1.4.1' ],
70 silly audit   micromatch: [ '4.0.8' ],
70 silly audit   minimist: [ '1.2.8' ],
70 silly audit   minipass: [ '7.1.2' ],
70 silly audit   ms: [ '2.1.3' ],
70 silly audit   mz: [ '2.7.0' ],
70 silly audit   nanoid: [ '3.3.7' ],
70 silly audit   'natural-compare': [ '1.4.0' ],
70 silly audit   next: [ '14.2.15' ],
70 silly audit   postcss: [ '8.4.31', '8.4.47' ],
70 silly audit   'normalize-path': [ '3.0.0' ],
70 silly audit   'object-assign': [ '4.1.1' ],
70 silly audit   'object-hash': [ '3.0.0' ],
70 silly audit   'object-inspect': [ '1.13.2' ],
70 silly audit   'object-is': [ '1.1.6' ],
70 silly audit   'object-keys': [ '1.1.1' ],
70 silly audit   'object.assign': [ '4.1.5' ],
70 silly audit   'object.entries': [ '1.1.8' ],
70 silly audit   'object.fromentries': [ '2.0.8' ],
70 silly audit   'object.groupby': [ '1.0.3' ],
70 silly audit   'object.values': [ '1.2.0' ],
70 silly audit   once: [ '1.4.0' ],
70 silly audit   optionator: [ '0.9.4' ],
70 silly audit   'p-limit': [ '3.1.0' ],
70 silly audit   'p-locate': [ '5.0.0' ],
70 silly audit   'parent-module': [ '1.0.1' ],
70 silly audit   'path-exists': [ '4.0.0' ],
70 silly audit   'path-is-absolute': [ '1.0.1' ],
70 silly audit   'path-key': [ '3.1.1' ],
70 silly audit   'path-parse': [ '1.0.7' ],
70 silly audit   'path-scurry': [ '1.11.1' ],
70 silly audit   picocolors: [ '1.1.1' ],
70 silly audit   picomatch: [ '2.3.1' ],
70 silly audit   pify: [ '2.3.0' ],
70 silly audit   pirates: [ '4.0.6' ],
70 silly audit   'possible-typed-array-names': [ '1.0.0' ],
70 silly audit   'postcss-import': [ '15.1.0' ],
70 silly audit   'postcss-js': [ '4.0.1' ],
70 silly audit   'postcss-load-config': [ '4.0.2' ],
70 silly audit   'postcss-nested': [ '6.2.0' ],
70 silly audit   'postcss-selector-parser': [ '6.1.2' ],
70 silly audit   'postcss-value-parser': [ '4.2.0' ],
70 silly audit   'prelude-ls': [ '1.2.1' ],
70 silly audit   'prop-types': [ '15.8.1' ],
70 silly audit   punycode: [ '2.3.1' ],
70 silly audit   'queue-microtask': [ '1.2.3' ],
70 silly audit   react: [ '18.3.1' ],
70 silly audit   'react-dom': [ '18.3.1' ],
70 silly audit   'react-is': [ '16.13.1' ],
70 silly audit   'read-cache': [ '1.0.0' ],
70 silly audit   readdirp: [ '3.6.0' ],
70 silly audit   'reflect.getprototypeof': [ '1.0.6' ],
70 silly audit   'regexp.prototype.flags': [ '1.5.3' ],
70 silly audit   'resolve-from': [ '4.0.0' ],
70 silly audit   'resolve-pkg-maps': [ '1.0.0' ],
70 silly audit   reusify: [ '1.0.4' ],
70 silly audit   rimraf: [ '3.0.2' ],
70 silly audit   'run-parallel': [ '1.2.0' ],
70 silly audit   'safe-array-concat': [ '1.1.2' ],
70 silly audit   'safe-regex-test': [ '1.0.3' ],
70 silly audit   scheduler: [ '0.23.2' ],
70 silly audit   'set-function-length': [ '1.2.2' ],
70 silly audit   'set-function-name': [ '2.0.2' ],
70 silly audit   'shebang-command': [ '2.0.0' ],
70 silly audit   'shebang-regex': [ '3.0.0' ],
70 silly audit   'side-channel': [ '1.0.6' ],
70 silly audit   'signal-exit': [ '4.1.0' ],
70 silly audit   'source-map-js': [ '1.2.1' ],
70 silly audit   'stop-iteration-iterator': [ '1.0.0' ],
70 silly audit   streamsearch: [ '1.1.0' ],
70 silly audit   'string-width': [ '5.1.2', '4.2.3' ],
70 silly audit   'string.prototype.includes': [ '2.0.1' ],
70 silly audit   'string.prototype.matchall': [ '4.0.11' ],
70 silly audit   'string.prototype.repeat': [ '1.0.0' ],
70 silly audit   'string.prototype.trim': [ '1.2.9' ],
70 silly audit   'string.prototype.trimend': [ '1.0.8' ],
70 silly audit   'string.prototype.trimstart': [ '1.0.8' ],
70 silly audit   'strip-bom': [ '3.0.0' ],
70 silly audit   'strip-json-comments': [ '3.1.1' ],
70 silly audit   'styled-jsx': [ '5.1.1' ],
70 silly audit   sucrase: [ '3.35.0' ],
70 silly audit   'supports-color': [ '7.2.0' ],
70 silly audit   'supports-preserve-symlinks-flag': [ '1.0.0' ],
70 silly audit   tabbable: [ '6.2.0' ],
70 silly audit   'tailwind-merge': [ '2.5.4' ],
70 silly audit   tailwindcss: [ '3.4.14' ],
70 silly audit   'tailwindcss-animate': [ '1.0.7' ],
70 silly audit   tapable: [ '2.2.1' ],
70 silly audit   'text-table': [ '0.2.0' ],
70 silly audit   thenify: [ '3.3.1' ],
70 silly audit   'thenify-all': [ '1.6.0' ],
70 silly audit   'to-regex-range': [ '5.0.1' ],
70 silly audit   'ts-api-utils': [ '1.3.0' ],
70 silly audit   'ts-interface-checker': [ '0.1.13' ],
70 silly audit   'tsconfig-paths': [ '3.15.0' ],
70 silly audit   tslib: [ '2.8.0' ],
70 silly audit   'type-check': [ '0.4.0' ],
70 silly audit   'type-fest': [ '0.20.2' ],
70 silly audit   'typed-array-buffer': [ '1.0.2' ],
70 silly audit   'typed-array-byte-length': [ '1.0.1' ],
70 silly audit   'typed-array-byte-offset': [ '1.0.2' ],
70 silly audit   'typed-array-length': [ '1.0.6' ],
70 silly audit   typescript: [ '5.6.3' ],
70 silly audit   'unbox-primitive': [ '1.0.2' ],
70 silly audit   'undici-types': [ '6.19.8' ],
70 silly audit   'uri-js': [ '4.4.1' ],
70 silly audit   'util-deprecate': [ '1.0.2' ],
70 silly audit   which: [ '2.0.2' ],
70 silly audit   'which-boxed-primitive': [ '1.0.2' ],
70 silly audit   'which-builtin-type': [ '1.1.4' ],
70 silly audit   'which-collection': [ '1.0.2' ],
70 silly audit   'which-typed-array': [ '1.1.15' ],
70 silly audit   'word-wrap': [ '1.2.5' ],
70 silly audit   'wrap-ansi': [ '8.1.0', '7.0.0' ],
70 silly audit   wrappy: [ '1.0.2' ],
70 silly audit   yaml: [ '2.6.0' ],
70 silly audit   'yocto-queue': [ '0.1.0' ],
70 silly audit   '@radix-ui/react-slot': [ '1.1.0' ],
70 silly audit   'embla-carousel-react': [ '8.3.0' ],
70 silly audit   'framer-motion': [ '11.11.9' ],
70 silly audit   '@radix-ui/react-compose-refs': [ '1.1.0' ],
70 silly audit   'embla-carousel': [ '8.3.0' ],
70 silly audit   'embla-carousel-reactive-utils': [ '8.3.0' ]
70 silly audit }
71 verbose reify failed optional dependency E:\Saad Rehman-GitHub\Cyberian-Electronics\node_modules\fsevents
72 silly reify mark deleted [
72 silly reify   'E:\\Saad Rehman-GitHub\\Cyberian-Electronics\\node_modules\\fsevents'
72 silly reify ]
73 verbose reify failed optional dependency E:\Saad Rehman-GitHub\Cyberian-Electronics\node_modules\@next\swc-win32-ia32-msvc
74 silly reify mark deleted [
74 silly reify   'E:\\Saad Rehman-GitHub\\Cyberian-Electronics\\node_modules\\@next\\swc-win32-ia32-msvc'
74 silly reify ]
75 verbose reify failed optional dependency E:\Saad Rehman-GitHub\Cyberian-Electronics\node_modules\@next\swc-win32-arm64-msvc
76 silly reify mark deleted [
76 silly reify   'E:\\Saad Rehman-GitHub\\Cyberian-Electronics\\node_modules\\@next\\swc-win32-arm64-msvc'
76 silly reify ]
77 verbose reify failed optional dependency E:\Saad Rehman-GitHub\Cyberian-Electronics\node_modules\@next\swc-linux-x64-musl
78 silly reify mark deleted [
78 silly reify   'E:\\Saad Rehman-GitHub\\Cyberian-Electronics\\node_modules\\@next\\swc-linux-x64-musl'
78 silly reify ]
79 verbose reify failed optional dependency E:\Saad Rehman-GitHub\Cyberian-Electronics\node_modules\@next\swc-linux-x64-gnu
80 silly reify mark deleted [
80 silly reify   'E:\\Saad Rehman-GitHub\\Cyberian-Electronics\\node_modules\\@next\\swc-linux-x64-gnu'
80 silly reify ]
81 verbose reify failed optional dependency E:\Saad Rehman-GitHub\Cyberian-Electronics\node_modules\@next\swc-linux-arm64-musl
82 silly reify mark deleted [
82 silly reify   'E:\\Saad Rehman-GitHub\\Cyberian-Electronics\\node_modules\\@next\\swc-linux-arm64-musl'
82 silly reify ]
83 verbose reify failed optional dependency E:\Saad Rehman-GitHub\Cyberian-Electronics\node_modules\@next\swc-linux-arm64-gnu
84 silly reify mark deleted [
84 silly reify   'E:\\Saad Rehman-GitHub\\Cyberian-Electronics\\node_modules\\@next\\swc-linux-arm64-gnu'
84 silly reify ]
85 verbose reify failed optional dependency E:\Saad Rehman-GitHub\Cyberian-Electronics\node_modules\@next\swc-darwin-x64
86 silly reify mark deleted [
86 silly reify   'E:\\Saad Rehman-GitHub\\Cyberian-Electronics\\node_modules\\@next\\swc-darwin-x64'
86 silly reify ]
87 verbose reify failed optional dependency E:\Saad Rehman-GitHub\Cyberian-Electronics\node_modules\@next\swc-darwin-arm64
88 silly reify mark deleted [
88 silly reify   'E:\\Saad Rehman-GitHub\\Cyberian-Electronics\\node_modules\\@next\\swc-darwin-arm64'
88 silly reify ]
89 silly tarball no local data for embla-carousel-reactive-utils@https://registry.npmjs.org/embla-carousel-reactive-utils/-/embla-carousel-reactive-utils-8.3.0.tgz. Extracting by manifest.
90 silly tarball no local data for embla-carousel-react@https://registry.npmjs.org/embla-carousel-react/-/embla-carousel-react-8.3.0.tgz. Extracting by manifest.
91 silly tarball no local data for @radix-ui/react-compose-refs@https://registry.npmjs.org/@radix-ui/react-compose-refs/-/react-compose-refs-1.1.0.tgz. Extracting by manifest.
92 silly tarball no local data for embla-carousel@https://registry.npmjs.org/embla-carousel/-/embla-carousel-8.3.0.tgz. Extracting by manifest.
93 silly tarball no local data for @radix-ui/react-slot@https://registry.npmjs.org/@radix-ui/react-slot/-/react-slot-1.1.0.tgz. Extracting by manifest.
94 http fetch GET 200 https://registry.npmjs.org/embla-carousel-react/-/embla-carousel-react-8.3.0.tgz 156ms (cache miss)
95 http fetch GET 200 https://registry.npmjs.org/embla-carousel-reactive-utils/-/embla-carousel-reactive-utils-8.3.0.tgz 187ms (cache miss)
96 http fetch POST 200 https://registry.npmjs.org/-/npm/v1/security/advisories/bulk 308ms
97 silly audit report {}
98 http fetch GET 200 https://registry.npmjs.org/@radix-ui/react-slot/-/react-slot-1.1.0.tgz 542ms (cache miss)
99 http fetch GET 200 https://registry.npmjs.org/@radix-ui/react-compose-refs/-/react-compose-refs-1.1.0.tgz 595ms (cache miss)
100 http fetch GET 200 https://registry.npmjs.org/embla-carousel/-/embla-carousel-8.3.0.tgz 751ms (cache miss)
101 silly ADD node_modules/embla-carousel-reactive-utils
102 silly ADD node_modules/embla-carousel
103 silly ADD node_modules/@radix-ui/react-compose-refs
104 silly ADD node_modules/embla-carousel-react
105 silly ADD node_modules/@radix-ui/react-slot
106 silly ADD
107 silly ADD
108 silly ADD
109 silly ADD
110 silly ADD
111 silly ADD
112 silly ADD
113 silly ADD
114 silly ADD
115 verbose cwd E:\Saad Rehman-GitHub\Cyberian-Electronics
116 verbose os Windows_NT 10.0.22631
117 verbose node v22.3.0
118 verbose npm  v10.8.1
119 verbose exit 0
120 info ok
