0 verbose cli C:\Program Files\nodejs\node.exe C:\Program Files\nodejs\node_modules\npm\bin\npm-cli.js
1 info using npm@10.8.1
2 info using node@v22.3.0
3 silly config load:file:C:\Program Files\nodejs\node_modules\npm\npmrc
4 silly config load:file:E:\Saad Rehman-GitHub\Cyberian-Electronics\.npmrc
5 silly config load:file:C:\Users\saadr\.npmrc
6 silly config load:file:C:\Users\saadr\AppData\Roaming\npm\etc\npmrc
7 verbose title npm exec shadcn@latest add https://v0.dev/chat/b/b_9F4OspygLR8?token=eyJhbGciOiJkaXIiLCJlbmMiOiJBMjU2R0NNIn0..yqUGsDCRUVpNmodh.46ELTQfu3Y6e-gWBsf4l0KvNLJ1RWJDe8nsaCRS9gSAdnUAohC5bHbb7UkU.VmzQoJGK4saxJbm2eg90hg
8 verbose argv "exec" "--" "shadcn@latest" "add" "https://v0.dev/chat/b/b_9F4OspygLR8?token=eyJhbGciOiJkaXIiLCJlbmMiOiJBMjU2R0NNIn0..yqUGsDCRUVpNmodh.46ELTQfu3Y6e-gWBsf4l0KvNLJ1RWJDe8nsaCRS9gSAdnUAohC5bHbb7UkU.VmzQoJGK4saxJbm2eg90hg"
9 verbose logfile logs-max:10 dir:E:\Saad Rehman-GitHub\Cyberian-Electronics\%APPDATA%\npm-cache\_logs\2024-10-19T17_05_19_586Z-
10 verbose logfile E:\Saad Rehman-GitHub\Cyberian-Electronics\%APPDATA%\npm-cache\_logs\2024-10-19T17_05_19_586Z-debug-0.log
11 silly logfile start cleaning logs, removing 1 files
12 silly logfile done cleaning log files
13 silly packumentCache heap:4345298944 maxSize:1086324736 maxEntrySize:543162368
14 http fetch GET 200 https://registry.npmjs.org/shadcn 589ms (cache revalidated)
15 silly packumentCache heap:4345298944 maxSize:1086324736 maxEntrySize:543162368
16 silly packumentCache heap:4345298944 maxSize:1086324736 maxEntrySize:543162368
17 verbose cwd E:\Saad Rehman-GitHub\Cyberian-Electronics
18 verbose os Windows_NT 10.0.22631
19 verbose node v22.3.0
20 verbose npm  v10.8.1
21 verbose exit 1
22 verbose code 1
